Compilación iniciada a las 01/08/2014 04:47:56 a.m..
     1>Proyecto "C:\Users\Raul Percy\Documents\GitHub\Programacion-Grafica\SDL\sdl005\sdl005\sdl005.vcxproj" en el nodo 2 (build destinos).
     1>InitializeBuildStatus:
         Aplicando tarea Touch a "Debug\sdl005.unsuccessfulbuild".
       ClCompile:
         C:\Program Files (x86)\Microsoft Visual Studio 10.0\VC\bin\CL.exe /c /ZI /nologo /W3 /WX- /Od /Oy- /D WIN32 /D _DEBUG /D _CONSOLE /D _UNICODE /D UNICODE /Gm /EHsc /RTC1 /MDd /GS /fp:precise /Zc:wchar_t /Zc:forScope /Fo"Debug\\" /Fd"Debug\vc100.pdb" /Gd /TP /analyze- /errorReport:prompt main.cpp
         main.cpp
       ManifestResourceCompile:
         Todas las salidas están actualizadas.
       Link:
         C:\Program Files (x86)\Microsoft Visual Studio 10.0\VC\bin\link.exe /ERRORREPORT:PROMPT /OUT:"C:\Users\Raul Percy\Documents\GitHub\Programacion-Grafica\SDL\sdl005\Debug\sdl005.exe" /INCREMENTAL /NOLOGO SDL2.lib SDL2main.lib kernel32.lib user32.lib gdi32.lib winspool.lib comdlg32.lib advapi32.lib shell32.lib ole32.lib oleaut32.lib uuid.lib odbc32.lib odbccp32.lib /MANIFEST /ManifestFile:"Debug\sdl005.exe.intermediate.manifest" /MANIFESTUAC:"level='asInvoker' uiAccess='false'" /DEBUG /PDB:"C:\Users\Raul Percy\Documents\GitHub\Programacion-Grafica\SDL\sdl005\Debug\sdl005.pdb" /SUBSYSTEM:WINDOWS /TLBID:1 /DYNAMICBASE /NXCOMPAT /IMPLIB:"C:\Users\Raul Percy\Documents\GitHub\Programacion-Grafica\SDL\sdl005\Debug\sdl005.lib" /MACHINE:X86 Debug\sdl005.exe.embed.manifest.res
         Debug\Game.obj
         Debug\main.obj
       Manifest:
         C:\Program Files (x86)\Microsoft SDKs\Windows\v7.0A\bin\mt.exe /nologo /verbose /out:"Debug\sdl005.exe.embed.manifest" /manifest Debug\sdl005.exe.intermediate.manifest
         Todas las salidas están actualizadas.
       LinkEmbedManifest:
         Todas las salidas están actualizadas.
         sdl005.vcxproj -> C:\Users\Raul Percy\Documents\GitHub\Programacion-Grafica\SDL\sdl005\Debug\sdl005.exe
       FinalizeBuildStatus:
         Se eliminará el archivo "Debug\sdl005.unsuccessfulbuild".
         Aplicando tarea Touch a "Debug\sdl005.lastbuildstate".
     1>Compilación del proyecto terminada "C:\Users\Raul Percy\Documents\GitHub\Programacion-Grafica\SDL\sdl005\sdl005\sdl005.vcxproj" (build destinos).

Compilación correcta.

Tiempo transcurrido 00:00:00.31
