Compilación iniciada a las 12/07/2014 10:27:34 p.m..
     1>Proyecto "C:\Users\Raul Percy\Documents\GitHub\Programacion-Grafica\SDL\sdl-001\sdl-001\sdl-001.vcxproj" en el nodo 2 (build destinos).
     1>PrepareForBuild:
         Creando directorio "C:\Users\Raul Percy\Documents\GitHub\Programacion-Grafica\SDL\sdl-001\Debug\".
       InitializeBuildStatus:
         Se creará "Debug\sdl-001.unsuccessfulbuild" porque se especificó "AlwaysCreate".
       ClCompile:
         C:\Program Files (x86)\Microsoft Visual Studio 10.0\VC\bin\CL.exe /c /ZI /nologo /W3 /WX- /Od /Oy- /D WIN32 /D _DEBUG /D _CONSOLE /D _UNICODE /D UNICODE /Gm /EHsc /RTC1 /MDd /GS /fp:precise /Zc:wchar_t /Zc:forScope /Fo"Debug\\" /Fd"Debug\vc100.pdb" /Gd /TP /analyze- /errorReport:prompt main.cpp
         main.cpp
       ManifestResourceCompile:
         C:\Program Files (x86)\Microsoft SDKs\Windows\v7.0A\bin\rc.exe /nologo /fo"Debug\sdl-001.exe.embed.manifest.res" Debug\sdl-001_manifest.rc 
       Link:
         C:\Program Files (x86)\Microsoft Visual Studio 10.0\VC\bin\link.exe /ERRORREPORT:PROMPT /OUT:"C:\Users\Raul Percy\Documents\GitHub\Programacion-Grafica\SDL\sdl-001\Debug\sdl-001.exe" /INCREMENTAL /NOLOGO SDL2.lib SDL2main.lib kernel32.lib user32.lib gdi32.lib winspool.lib comdlg32.lib advapi32.lib shell32.lib ole32.lib oleaut32.lib uuid.lib odbc32.lib odbccp32.lib /MANIFEST /ManifestFile:"Debug\sdl-001.exe.intermediate.manifest" /MANIFESTUAC:"level='asInvoker' uiAccess='false'" /DEBUG /PDB:"C:\Users\Raul Percy\Documents\GitHub\Programacion-Grafica\SDL\sdl-001\Debug\sdl-001.pdb" /SUBSYSTEM:WINDOWS /TLBID:1 /DYNAMICBASE /NXCOMPAT /IMPLIB:"C:\Users\Raul Percy\Documents\GitHub\Programacion-Grafica\SDL\sdl-001\Debug\sdl-001.lib" /MACHINE:X86 "Debug\sdl-001.exe.embed.manifest.res"
         Debug\main.obj
       Manifest:
         C:\Program Files (x86)\Microsoft SDKs\Windows\v7.0A\bin\mt.exe /nologo /verbose /out:"Debug\sdl-001.exe.embed.manifest" /manifest "Debug\sdl-001.exe.intermediate.manifest"
         C:\Program Files (x86)\Microsoft SDKs\Windows\v7.0A\bin\rc.exe /nologo /fo"Debug\sdl-001.exe.embed.manifest.res" Debug\sdl-001_manifest.rc 
       LinkEmbedManifest:
         C:\Program Files (x86)\Microsoft Visual Studio 10.0\VC\bin\link.exe /ERRORREPORT:PROMPT /OUT:"C:\Users\Raul Percy\Documents\GitHub\Programacion-Grafica\SDL\sdl-001\Debug\sdl-001.exe" /INCREMENTAL /NOLOGO SDL2.lib SDL2main.lib kernel32.lib user32.lib gdi32.lib winspool.lib comdlg32.lib advapi32.lib shell32.lib ole32.lib oleaut32.lib uuid.lib odbc32.lib odbccp32.lib /MANIFEST /ManifestFile:"Debug\sdl-001.exe.intermediate.manifest" /MANIFESTUAC:"level='asInvoker' uiAccess='false'" /DEBUG /PDB:"C:\Users\Raul Percy\Documents\GitHub\Programacion-Grafica\SDL\sdl-001\Debug\sdl-001.pdb" /SUBSYSTEM:WINDOWS /TLBID:1 /DYNAMICBASE /NXCOMPAT /IMPLIB:"C:\Users\Raul Percy\Documents\GitHub\Programacion-Grafica\SDL\sdl-001\Debug\sdl-001.lib" /MACHINE:X86 "Debug\sdl-001.exe.embed.manifest.res"
         Debug\main.obj
         sdl-001.vcxproj -> C:\Users\Raul Percy\Documents\GitHub\Programacion-Grafica\SDL\sdl-001\Debug\sdl-001.exe
       FinalizeBuildStatus:
         Se eliminará el archivo "Debug\sdl-001.unsuccessfulbuild".
         Aplicando tarea Touch a "Debug\sdl-001.lastbuildstate".
     1>Compilación del proyecto terminada "C:\Users\Raul Percy\Documents\GitHub\Programacion-Grafica\SDL\sdl-001\sdl-001\sdl-001.vcxproj" (build destinos).

Compilación correcta.

Tiempo transcurrido 00:00:01.32
