Compilación iniciada a las 13/07/2014 05:55:35 a.m..
     1>Proyecto "C:\Users\Raul Percy\Documents\GitHub\Programacion-Grafica\SDL\sdl-002\sdl-002\sdl-002.vcxproj" en el nodo 2 (build destinos).
     1>InitializeBuildStatus:
         Aplicando tarea Touch a "Release\sdl-002.unsuccessfulbuild".
       ClCompile:
         Todas las salidas están actualizadas.
       Link:
         C:\Program Files (x86)\Microsoft Visual Studio 10.0\VC\bin\link.exe /ERRORREPORT:PROMPT /OUT:"C:\Users\Raul Percy\Documents\GitHub\Programacion-Grafica\SDL\sdl-002\Release\sdl-002.exe" /INCREMENTAL:NO /NOLOGO SDL2.lib SDL2main.lib kernel32.lib user32.lib gdi32.lib winspool.lib comdlg32.lib advapi32.lib shell32.lib ole32.lib oleaut32.lib uuid.lib odbc32.lib odbccp32.lib /MANIFEST /ManifestFile:"Release\sdl-002.exe.intermediate.manifest" /MANIFESTUAC:"level='asInvoker' uiAccess='false'" /DEBUG /PDB:"C:\Users\Raul Percy\Documents\GitHub\Programacion-Grafica\SDL\sdl-002\Release\sdl-002.pdb" /SUBSYSTEM:WINDOWS /OPT:REF /OPT:ICF /LTCG /TLBID:1 /DYNAMICBASE /NXCOMPAT /IMPLIB:"C:\Users\Raul Percy\Documents\GitHub\Programacion-Grafica\SDL\sdl-002\Release\sdl-002.lib" /MACHINE:X86 Release\main.obj
     1>MSVCRT.lib(cinitexe.obj) : warning LNK4098: la biblioteca predeterminada'msvcrtd.lib' entra en conflicto con otras bibliotecas; use la biblioteca /NODEFAULTLIB:biblioteca
         Generando código
         Generación de código finalizada
         sdl-002.vcxproj -> C:\Users\Raul Percy\Documents\GitHub\Programacion-Grafica\SDL\sdl-002\Release\sdl-002.exe
       Manifest:
         C:\Program Files (x86)\Microsoft SDKs\Windows\v7.0A\bin\mt.exe /nologo /verbose /outputresource:"C:\Users\Raul Percy\Documents\GitHub\Programacion-Grafica\SDL\sdl-002\Release\sdl-002.exe;#1" /manifest "Release\sdl-002.exe.intermediate.manifest"
       FinalizeBuildStatus:
         Se eliminará el archivo "Release\sdl-002.unsuccessfulbuild".
         Aplicando tarea Touch a "Release\sdl-002.lastbuildstate".
     1>Compilación del proyecto terminada "C:\Users\Raul Percy\Documents\GitHub\Programacion-Grafica\SDL\sdl-002\sdl-002\sdl-002.vcxproj" (build destinos).

Compilación correcta.

Tiempo transcurrido 00:00:00.28
