Compilación iniciada a las 01/08/2014 06:32:04 a.m..
     1>Proyecto "C:\Users\Raul Percy\Documents\GitHub\Programacion-Grafica\SDL\sdl006\sdl006\sdl006.vcxproj" en el nodo 2 (build destinos).
     1>InitializeBuildStatus:
         Se creará "Release\sdl006.unsuccessfulbuild" porque se especificó "AlwaysCreate".
       ClCompile:
         C:\Program Files (x86)\Microsoft Visual Studio 10.0\VC\bin\CL.exe /c /Zi /nologo /W3 /WX- /O2 /Oi /Oy- /GL /D WIN32 /D NDEBUG /D _CONSOLE /D _UNICODE /D UNICODE /Gm- /EHsc /MD /GS /Gy /fp:precise /Zc:wchar_t /Zc:forScope /Fo"Release\\" /Fd"Release\vc100.pdb" /Gd /TP /analyze- /errorReport:prompt Game.cpp
         Game.cpp
       Link:
         C:\Program Files (x86)\Microsoft Visual Studio 10.0\VC\bin\link.exe /ERRORREPORT:PROMPT /OUT:"C:\Users\Raul Percy\Documents\GitHub\Programacion-Grafica\SDL\sdl006\Release\sdl006.exe" /INCREMENTAL:NO /NOLOGO SDL2.lib SDL2main.lib kernel32.lib user32.lib gdi32.lib winspool.lib comdlg32.lib advapi32.lib shell32.lib ole32.lib oleaut32.lib uuid.lib odbc32.lib odbccp32.lib /MANIFEST /ManifestFile:"Release\sdl006.exe.intermediate.manifest" /MANIFESTUAC:"level='asInvoker' uiAccess='false'" /DEBUG /PDB:"C:\Users\Raul Percy\Documents\GitHub\Programacion-Grafica\SDL\sdl006\Release\sdl006.pdb" /SUBSYSTEM:WINDOWS /OPT:REF /OPT:ICF /LTCG /TLBID:1 /DYNAMICBASE /NXCOMPAT /IMPLIB:"C:\Users\Raul Percy\Documents\GitHub\Programacion-Grafica\SDL\sdl006\Release\sdl006.lib" /MACHINE:X86 Release\Game.obj
         Release\main.obj
     1>MSVCRT.lib(cinitexe.obj) : warning LNK4098: la biblioteca predeterminada'msvcrtd.lib' entra en conflicto con otras bibliotecas; use la biblioteca /NODEFAULTLIB:biblioteca
         Generando código
         Generación de código finalizada
         sdl006.vcxproj -> C:\Users\Raul Percy\Documents\GitHub\Programacion-Grafica\SDL\sdl006\Release\sdl006.exe
       Manifest:
         C:\Program Files (x86)\Microsoft SDKs\Windows\v7.0A\bin\mt.exe /nologo /verbose /outputresource:"C:\Users\Raul Percy\Documents\GitHub\Programacion-Grafica\SDL\sdl006\Release\sdl006.exe;#1" /manifest Release\sdl006.exe.intermediate.manifest
       FinalizeBuildStatus:
         Se eliminará el archivo "Release\sdl006.unsuccessfulbuild".
         Aplicando tarea Touch a "Release\sdl006.lastbuildstate".
     1>Compilación del proyecto terminada "C:\Users\Raul Percy\Documents\GitHub\Programacion-Grafica\SDL\sdl006\sdl006\sdl006.vcxproj" (build destinos).

Compilación correcta.

Tiempo transcurrido 00:00:00.27
